number,value,datetime_start,datetime_complete,duration,params_close_to_L23,params_home_lowrisk,user_attrs_L23_highrisk,user_attrs_anc_among_home,user_attrs_anc_among_l23,user_attrs_anc_among_l4,user_attrs_anc_among_l45,user_attrs_anc_among_l5,user_attrs_home_all,user_attrs_l23_all,user_attrs_l45_all,user_attrs_l4_all,user_attrs_l5_all,system_attrs_fixed_params,state
59,4.188233980732071,2026-09-30 12:14:01.167813,2026-09-30 12:14:01.190387,0 days 00:00:00.022574,0.5480105973077822,0.14169969590907044,0.06811746963685528,0.7841684353155117,0.6044206177374172,0.7200123376187075,0.719395844362541,0.7180945570220525,0.05124489037532516,0.25834262356001486,0.6904124860646601,0.49030100334448157,0.20011148272017837,,COMPLETE
60,6.767537537599962,2026-09-30 12:14:01.190623,2026-09-30 12:14:01.212875,0 days 00:00:00.022252,0.609528642019263,0.01774734326286609,0.0860161661681198,0.31831787137102996,0.6616507315083929,0.7164241642859499,0.7157529240147193,0.7142446356069143,0.016202155332590115,0.3021924934968413,0.6816053511705686,0.4840951319212189,0.19751021924934967,,COMPLETE
61,1.8077653093497699,2026-09-30 12:14:01.213262,2026-09-30 12:14:01.250671,0 days 00:00:00.037409,0.7306706325919777,0.08610651824727994,0.14056789649687773,0.6854969665966916,0.7028834255230766,0.6886402904109205,0.6879652773332124,0.6865079560518772,0.03519137866963954,0.34396135265700484,0.6208472686733556,0.4408769973987365,0.17997027127461912,,COMPLETE
62,2.185514243217724,2026-09-30 12:14:01.251319,2026-09-30 12:14:01.280508,0 days 00:00:00.029189,0.635638807703323,0.12412641032115519,0.09516640007235166,0.7585275018015946,0.65378295844132,0.7069560989187093,0.7059454894347611,0.7035423307100412,0.04589371980676329,0.2952434039390561,0.6588628762541807,0.4684503901895206,0.19041248606465996,,COMPLETE
63,5.424662062477753,2026-09-30 12:14:01.280820,2026-09-30 12:14:01.304647,0 days 00:00:00.023827,0.8239754299657429,0.05456783419613386,0.2200986085340494,0.5824327648004551,0.7505507864135792,0.6571469792246657,0.6564251347792467,0.6548846576442522,0.026458565589000373,0.4096618357487922,0.5638795986622074,0.4004459308807135,0.16343366778149387,,COMPLETE
64,1.8848032130498873,2026-09-30 12:14:01.304948,2026-09-30 12:14:01.327681,0 days 00:00:00.022733,0.7144420309509373,0.11940068694604267,0.1310675968901409,0.7502234044058083,0.6901685244596447,0.6910402488823086,0.6904341387580504,0.6891089705388377,0.044370122630992194,0.3298402081010777,0.6257896692679301,0.44429580081754,0.1814938684503902,,COMPLETE
65,1.5356766543001137,2026-09-30 12:14:01.327910,2026-09-30 12:14:01.349623,0 days 00:00:00.021713,0.6422356154666409,0.0828223596155316,0.09765744408557964,0.6743434618564524,0.6645894076701594,0.708064906941176,0.7069680110909767,0.70436392007109,0.03403939056112969,0.3047937569676701,0.6611668524712003,0.47023411371237456,0.19093273875882572,,COMPLETE
66,3.7820116907174675,2026-09-30 12:14:01.349833,2026-09-30 12:14:01.371828,0 days 00:00:00.021995,0.09017679007311208,0.09647140785922204,0.005940007427208793,0.7109945528683828,0.43347553069995276,0.7684013747448033,0.7675648702594811,0.7657906258099166,0.03831289483463396,0.21698253437383874,0.7447045707915274,0.5276848755109624,0.21701969528056483,,COMPLETE
67,2.133594761549116,2026-09-30 12:14:01.372050,2026-09-30 12:14:01.394890,0 days 00:00:00.022840,0.717636853770177,0.07847948791488228,0.13286751423667142,0.6639237484495389,0.6986154198289758,0.6922480003515289,0.69146475411131,0.6896752030454443,0.03303604607952434,0.3390932738758826,0.6278706800445931,0.44604236343366777,0.1818283166109253,,COMPLETE
68,6.788061436887575,2026-09-30 12:14:01.395141,2026-09-30 12:14:01.417693,0 days 00:00:00.022552,0.7368440864052391,0.17995196716876044,0.14442921396721242,0.8205527246744099,0.6873911956110603,0.6837662002380235,0.683189674269293,0.6820192516620052,0.06157562244518765,0.32694165737644,0.6114827201783724,0.4340765514678558,0.17740616871051657,,COMPLETE
69,3.021926022105554,2026-09-30 12:14:01.418006,2026-09-30 12:14:01.440002,0 days 00:00:00.021996,0.47556829355432606,0.11265629347086188,0.051837421941509976,0.7406871754417381,0.5754421563883784,0.7299778473175755,0.7296442211490571,0.7290011769561906,0.042735042735042736,0.24072835377183202,0.7165366034931252,0.5083983649201039,0.2081382385730212,,COMPLETE
70,1.0550748325605603,2026-09-30 12:14:01.440244,2026-09-30 12:14:01.462038,0 days 00:00:00.021794,0.7086761927407423,0.10457925010250915,0.12790108911046172,0.7268699390300701,0.6898847587385788,0.6931161694922141,0.6924468510964388,0.6909204682219618,0.04057971014492753,0.32954292084726866,0.6298773690078038,0.447305834262356,0.1825715347454478,,COMPLETE
71,1.6993828581670587,2026-09-30 12:14:01.462243,2026-09-30 12:14:01.483925,0 days 00:00:00.021682,0.7474069971259273,0.09690454061140505,0.15138509894360463,0.7116248264129338,0.7080578330414969,0.6837033706747814,0.683222395662992,0.6822376793219538,0.03838721664808621,0.3500557413600892,0.6115570419918247,0.4340022296544035,0.17755481233742104,,COMPLETE
72,0.8122293085969412,2026-09-30 12:14:01.484122,2026-09-30 12:14:01.506534,0 days 00:00:00.022412,0.6759055512906341,0.10596513747016764,0.11169030008169001,0.7302086514049159,0.6751296673312259,0.7001143309480993,0.6993472253135253,0.6975036486252788,0.041062801932367145,0.3146042363433668,0.644332961724266,0.45774804905239685,0.18658491267186922,,COMPLETE
73,3.9308594340238727,2026-09-30 12:14:01.506777,2026-09-30 12:14:01.528601,0 days 00:00:00.021824,0.6133934998649683,0.14334722209205347,0.08730375322126016,0.785882923197124,0.6387677045306666,0.709788407038158,0.7088003208802419,0.7064683742818486,0.05165366034931253,0.28301746562616126,0.6653288740245262,0.4730211817168339,0.19230769230769235,,COMPLETE
74,4.738601544309567,2026-09-30 12:14:01.528803,2026-09-30 12:14:01.550457,0 days 00:00:00.021654,0.7986289794845769,0.14587402052412526,0.1929644809486466,0.7884910454837258,0.7241556760220496,0.6646650931050735,0.6643438613789041,0.6638539927613245,0.05228539576365663,0.3704942400594574,0.5772203641768858,0.40943887030843557,0.1677814938684504,,COMPLETE
75,1.8703700216769483,2026-09-30 12:14:01.550659,2026-09-30 12:14:01.572223,0 days 00:00:00.021564,0.6139862916777041,0.07896526300280979,0.08750319886950708,0.6662434201349852,0.6521934192259466,0.7129179072176175,0.7120281149175429,0.7099508781494401,0.03325901151988109,0.2939427722036418,0.6727982162764772,0.4781865477517651,0.194611668524712,,COMPLETE
76,1.23123083874796,2026-09-30 12:14:01.572420,2026-09-30 12:14:01.594063,0 days 00:00:00.021643,0.7189643715336916,0.09336027592838834,0.1336252169446157,0.704300249812458,0.6961169809637833,0.6913504069464841,0.690636100101782,0.6890440519411345,0.03749535488665924,0.3363062058714233,0.6261984392419174,0.44474173169825343,0.18145670754366408,,COMPLETE
77,5.129973019109486,2026-09-30 12:14:01.594263,2026-09-30 12:14:01.615832,0 days 00:00:00.021569,0.5923683079260779,0.15848205318176267,0.08055393571931246,0.8010345864701417,0.625450638814294,0.7122592083012436,0.7114946390486474,0.7096935149186542,0.055518394648829426,0.27294685990338163,0.6715347454477889,0.47707172054998137,0.1944630248978075,,COMPLETE
78,7.698118877158714,2026-09-30 12:14:01.616029,2026-09-30 12:14:01.637511,0 days 00:00:00.021482,0.9162487794519784,0.08695948895046386,0.3974331736709972,0.6872598670067641,0.7950736509456728,0.5845152868184975,0.5841810879555986,0.5837397866111742,0.03537718320327016,0.49866220735785954,0.4659606094388703,0.33047194351542186,0.13548866592344852,,COMPLETE
79,1.546431372006177,2026-09-30 12:14:01.637711,2026-09-30 12:14:01.659314,0 days 00:00:00.021603,0.671006041214826,0.11768562606673877,0.109498864778102,0.7472743725002063,0.6711420867526555,0.7004818792259377,0.6998141257697219,0.6982141731139374,0.043887030843552575,0.31077666295057604,0.6453363062058715,0.45830546265328875,0.18703084355258268,,COMPLETE
80,6.471070488717152,2026-09-30 12:14:01.659513,2026-09-30 12:14:01.682515,0 days 00:00:00.023002,0.6800704223474493,0.022153175858580898,0.11359711163475372,0.3611832264105984,0.6935974594640661,0.702451449155119,0.7014933450723759,0.6992196678915492,0.01731698253437384,0.33366778149386844,0.6490152359717578,0.4613526570048309,0.18766257896692679,,COMPLETE
81,1.505038083453701,2026-09-30 12:14:01.682779,2026-09-30 12:14:01.705159,0 days 00:00:00.022380,0.7396488669193828,0.0980122437649637,0.14623206024294877,0.7134108174987712,0.7039568979525785,0.6862076304209666,0.6856019733758534,0.6843243842262197,0.03864734299516907,0.3451876625789669,0.616164994425864,0.4374581939799332,0.17870680044593087,,COMPLETE
82,14.834231561518957,2026-09-30 12:14:01.705380,2026-09-30 12:14:01.727377,0 days 00:00:00.021997,0.35914740349681473,0.27402950514789065,0.03268286323841563,0.8723978825681454,0.4578963449790165,0.7330935940326192,0.7327604178610099,0.7321018937398405,0.08651059085841693,0.1885916016350799,0.7248978075065031,0.5143441099962839,0.21055369751021927,,COMPLETE
83,1.8767826027744543,2026-09-30 12:14:01.727568,2026-09-30 12:14:01.749166,0 days 00:00:00.021598,0.5865786588340053,0.08300139612030158,0.07879961735762997,0.6750064311072012,0.6385184356413383,0.7171258059434267,0.7163974457891653,0.7147562577626407,0.03411371237458194,0.2827573392790784,0.6831289483463397,0.48528428093645487,0.1978446674098848,,COMPLETE
84,1.8627659856983994,2026-09-30 12:14:01.749354,2026-09-30 12:14:01.770941,0 days 00:00:00.021587,0.750903012071765,0.0922014711827404,0.15379061694278995,0.7013681443869302,0.7102410650321701,0.6830177520455021,0.682502445923822,0.6814622874208266,0.037123745819397994,0.35269416573764395,0.6101820884429581,0.43307320698625046,0.17710888145670753,,COMPLETE
85,1.3515523920714665,2026-09-30 12:14:01.771134,2026-09-30 12:14:01.793334,0 days 00:00:00.022200,0.5855397314851942,0.09444355236130968,0.07848930397486775,0.7062179827735247,0.6348884742705708,0.7168467926650415,0.7160779213461129,0.7143353750580376,0.03771832032701598,0.2799331103678929,0.682348569305091,0.48480118914901527,0.1975473801560758,,COMPLETE
86,3.986483345539117,2026-09-30 12:14:01.793555,2026-09-30 12:14:01.815215,0 days 00:00:00.021660,0.732291090430517,0.1445424734700815,0.14156754089196089,0.7867154279602943,0.6923916736543143,0.6861016642528692,0.6854843021587246,0.6841585289158976,0.051839464882943144,0.3322185061315497,0.6159420289855072,0.4373095503530286,0.1786324786324786,,COMPLETE
87,6.760141635476386,2026-09-30 12:14:01.815413,2026-09-30 12:14:01.836994,0 days 00:00:00.021581,0.7763706733170983,0.025814084697158582,0.17307789330661338,0.393477523595323,0.7327829115761336,0.6772679526458389,0.6767168488233215,0.6756295435949149,0.018208844295800816,0.3824972129319955,0.5992939427722037,0.4253808992939428,0.17391304347826086,,COMPLETE
88,1.7077923362618783,2026-09-30 12:14:01.837181,2026-09-30 12:14:01.858833,0 days 00:00:00.021652,0.7004335900641829,0.08208267274977847,0.12354872291527708,0.6743434618564524,0.6903353717662799,0.6960920743775898,0.6953753688425331,0.6937027276441027,0.03403939056112969,0.33002601263470827,0.635934596804162,0.4516908212560387,0.18424377554812338,,COMPLETE
89,3.751863102993704,2026-09-30 12:14:01.859020,2026-09-30 12:14:01.880625,0 days 00:00:00.021605,0.536436264355713,0.05846860147651907,0.0652163397054667,0.6022015770912826,0.6201163709321723,0.724985317542141,0.724484159929958,0.7234579520118042,0.02779635823114084,0.2690449646971386,0.7031586770717206,0.4991824600520253,0.20397621701969532,,COMPLETE
90,2.6653756480230144,2026-09-30 12:14:01.880811,2026-09-30 12:14:01.902600,0 days 00:00:00.021789,0.5965701475616414,0.1269605939329545,0.08185433876194037,0.7636360868106669,0.6338265950942257,0.7132890598749354,0.7125480179331266,0.7108183788401898,0.0468227424749164,0.2791898922333705,0.6739873652917131,0.4787811222593832,0.19520624303232997,,COMPLETE
91,2.1789591519708917,2026-09-30 12:14:01.902795,2026-09-30 12:14:01.924451,0 days 00:00:00.021656,0.7698798221540604,0.10197019104554336,0.1678452209796224,0.7210322558409457,0.7176492970441586,0.6767053447575079,0.6762295062059218,0.6753348644761455,0.039687848383500555,0.3619472315124489,0.5983649201040505,0.4246376811594203,0.17372723894463024,,COMPLETE
92,18.08381704377298,2026-09-30 12:14:01.924637,2026-09-30 12:14:01.946346,0 days 00:00:00.021709,0.724400241220455,0.321210251240147,0.13678959180808103,0.8892990838782795,0.6523284610605218,0.6807810856590353,0.6803902490161351,0.6796993844552293,0.09988851727982162,0.29397993311036785,0.6061315496098104,0.4300260126347083,0.1761055369751022,,COMPLETE
93,0.9237205510374068,2026-09-30 12:14:01.946532,2026-09-30 12:14:01.968125,0 days 00:00:00.021593,0.7060161798926325,0.09826204149831683,0.12647462045790203,0.7140217785948808,0.6898829318764194,0.694006608602978,0.6933525224106868,0.6918312649712134,0.038721664808621326,0.32954292084726866,0.6317354143441101,0.44860646599777027,0.18312894834633964,,COMPLETE
94,0.4709378485037124,2026-09-30 12:14:01.968311,2026-09-30 12:14:01.989983,0 days 00:00:00.021672,0.6644913022719903,0.09978301436931919,0.10666819494276603,0.7173061199706604,0.6717827746120028,0.7024740523372585,0.7016683779940669,0.69975519081768,0.03916759568933482,0.3114455592716462,0.649386845039019,0.4613898179115571,0.1879970271274619,,COMPLETE
