number,value,datetime_start,datetime_complete,duration,params_close_to_L23,params_home_lowrisk,user_attrs_L23_highrisk,user_attrs_anc_among_home,user_attrs_anc_among_l23,user_attrs_anc_among_l4,user_attrs_anc_among_l45,user_attrs_anc_among_l5,user_attrs_home_all,user_attrs_l23_all,user_attrs_l45_all,user_attrs_l4_all,user_attrs_l5_all,system_attrs_fixed_params,state
0,0.9514153711547013,2026-09-30 12:13:59.852994,2026-09-30 12:13:59.875705,0 days 00:00:00.022711,0.693361,0.106179,0.11996841273856984,0.7310020723106947,0.6822945576448887,0.6966892504973374,0.6959569345752661,0.6942508965810582,0.041174284652545516,0.32166480862133034,0.6371609067261241,0.4525826830174656,0.18457822370865848,"{'home_lowrisk': 0.106179, 'close_to_L23': 0.693361}",COMPLETE
1,9.35113008804141,2026-09-30 12:13:59.875977,2026-09-30 12:13:59.896669,0 days 00:00:00.020692,0.934164304961222,0.149816047538945,0.4610493854238472,0.7925095799725195,0.800667890274298,0.5542134676235532,0.5535641201122177,0.5521727758597328,0.05332590115198811,0.5126718691936083,0.4340022296544036,0.3079895949461167,0.12601263470828689,,COMPLETE
2,15.871176679489231,2026-09-30 12:13:59.896879,2026-09-30 12:13:59.918634,0 days 00:00:00.021755,0.606752390303244,0.292797576724562,0.08510467992540538,0.8800680144571853,0.600654853966569,0.7032832315434316,0.7028440138768394,0.7018130068846378,0.09208472686733556,0.2559643255295429,0.6519509476031214,0.4626532887402453,0.18929765886287625,,COMPLETE
3,4.583437847577363,2026-09-30 12:13:59.918878,2026-09-30 12:13:59.940470,0 days 00:00:00.021592,0.19507490391266846,0.06240745617697461,0.01440067872525852,0.6160970244407117,0.4793236086553388,0.7619624418889457,0.7608782435129741,0.7585290374962501,0.02879970271274619,0.2264957264957265,0.7447045707915273,0.5278706800445929,0.2168338907469342,,COMPLETE
4,8.21587197240979,2026-09-30 12:13:59.940693,2026-09-30 12:13:59.961497,0 days 00:00:00.020804,0.8555438155706897,0.023233444867279785,0.2631135970715801,0.37062738316194876,0.7692074509454934,0.64166652030357,0.6409925067626979,0.6396241747073304,0.01757710888145671,0.44277220364176884,0.5396506874767745,0.38316610925306577,0.15648457822370868,,COMPLETE
5,11.662965624247352,2026-09-30 12:13:59.961705,2026-09-30 12:13:59.982398,0 days 00:00:00.020693,0.7085074973503223,0.24044600469728353,0.12780999016830286,0.858806419891582,0.662057505583763,0.6876396340751669,0.6872016410526436,0.6863321897530211,0.07822370865849126,0.3024526198439242,0.6193236714975846,0.43946488294314384,0.1798587885544407,,COMPLETE
6,13.51814845277114,2026-09-30 12:13:59.982596,2026-09-30 12:14:00.003343,0 days 00:00:00.020747,0.9520161625106547,0.008233797718320978,0.5446578857664373,0.1581123950347885,0.8267701177340282,0.5124781423336329,0.5119979867069878,0.5109593029519998,0.013117800074321815,0.5898550724637681,0.39702712746191005,0.2816053511705686,0.1154217762913415,,COMPLETE
7,19.828936084265493,2026-09-30 12:14:00.003551,2026-09-30 12:14:00.024387,0 days 00:00:00.020836,0.2474753729307968,0.3329770563201687,0.019441133101944397,0.8926236266181707,0.3519381202124746,0.73877709045049,0.7383447722927294,0.7374877876946636,0.10301003344481605,0.15860274990709772,0.7383872166480863,0.5241174284652546,0.21426978818283163,,COMPLETE
8,4.140236198528055,2026-09-30 12:14:00.024585,2026-09-30 12:14:00.045437,0 days 00:00:00.020852,0.22056619416369344,0.07272998688284026,0.016774495939525624,0.6509284266843526,0.4805960317782746,0.7595201107276093,0.758383233532934,0.7558969632497858,0.031809736157562246,0.22348569305091043,0.7447045707915274,0.5277591973244148,0.2169453734671126,,COMPLETE
9,2.7081775351124056,2026-09-30 12:14:00.045643,2026-09-30 12:14:00.067463,0 days 00:00:00.021820,0.5380234814179812,0.1216968971838151,0.06560662704364106,0.7528519515224861,0.605975201514189,0.7220728231779274,0.7215337065235277,0.7204252468346672,0.04489037532515794,0.25938312894834636,0.6957264957264956,0.49394277220364174,0.20178372352285398,,COMPLETE
10,22.105302256623485,2026-09-30 12:14:00.067705,2026-09-30 12:14:00.089874,0 days 00:00:00.022169,0.7333174604438347,0.3700298691149041,0.14220576386778316,0.902567997477648,0.6453153077808583,0.6766942515555187,0.6762357647397195,0.6753994189064334,0.11345224823485693,0.2881828316610925,0.5983649201040506,0.4246005202526941,0.17376439985135636,,COMPLETE
11,1.8063593310558566,2026-09-30 12:14:00.090080,2026-09-30 12:14:00.111590,0 days 00:00:00.021510,0.556773396214556,0.0906850795986523,0.07040192035251613,0.6982717626239101,0.6215665204168604,0.7211717081153433,0.7204971545741354,0.7190101396039441,0.03675213675213675,0.2700854700854701,0.6931623931623931,0.49234485321441845,0.20081753994797474,,COMPLETE
12,6.7270468759254145,2026-09-30 12:14:00.111789,2026-09-30 12:14:00.134464,0 days 00:00:00.022675,0.4872303173559315,0.023539653017069895,0.05418213444324327,0.37183950437407,0.6028244350979122,0.7331326395668802,0.7327736155532447,0.7321556478983366,0.017614269788182833,0.2574507617985879,0.7249349684132292,0.5143812709030101,0.2105536975102192,,COMPLETE
13,9.832845166347735,2026-09-30 12:14:00.134698,2026-09-30 12:14:00.157287,0 days 00:00:00.022589,0.3303056403580089,0.20435488863594511,0.028876880415726447,0.8379579106700186,0.45727400565519555,0.7406517785641957,0.7402823466524957,0.7395811552429865,0.06819026384243776,0.190709773318469,0.7410999628390933,0.5255295429208472,0.215570419918246,,COMPLETE
14,3.6372756885276694,2026-09-30 12:14:00.157574,2026-09-30 12:14:00.182283,0 days 00:00:00.024709,0.6897945030715914,0.14124316315972757,0.1182142780769394,0.7833662682539786,0.6738770685477752,0.6957665321485884,0.6951902811135101,0.6938539267459106,0.05105908584169454,0.3133779264214047,0.6355629877369008,0.451207729468599,0.18435525826830174,,COMPLETE
15,1.9833479376752596,2026-09-30 12:14:00.182564,2026-09-30 12:14:00.204608,0 days 00:00:00.022044,0.5932036687940443,0.07944960987818246,0.0808106186841181,0.6677990811951549,0.6420349682821287,0.7162377024264339,0.7155512749393835,0.713993832511108,0.03340765514678558,0.2855072463768116,0.6810850984764028,0.4837606837606837,0.19732441471571907,,COMPLETE
16,8.526799066469822,2026-09-30 12:14:00.204849,2026-09-30 12:14:00.226975,0 days 00:00:00.022126,0.06225436119090649,0.18605953772651496,0.003986452611169922,0.8249806872603518,0.37798270341353996,0.7641389756494068,0.7629241516966069,0.7602504596985435,0.06313638052768487,0.19215904868078781,0.7447045707915274,0.527870680044593,0.2168338907469342,,COMPLETE
17,5.649086896559671,2026-09-30 12:14:00.227204,2026-09-30 12:14:00.248798,0 days 00:00:00.021594,0.5331290388204393,0.1602131081792819,0.06441060785775732,0.8036117566617073,0.5922127445723396,0.7210444614721772,0.7204787536724935,0.7193142471301559,0.05629877369007804,0.250613154960981,0.6930880713489409,0.49212188777406174,0.20096618357487922,,COMPLETE
18,1.96810121825023,2026-09-30 12:14:00.249014,2026-09-30 12:14:00.270431,0 days 00:00:00.021417,0.6966171762168245,0.07805119585798335,0.12159964917704902,0.6628566752788073,0.689408688887795,0.6970376190796481,0.6963511140743307,0.6947490622291742,0.03296172426607209,0.32905982905982906,0.6379784466740988,0.45310293571163135,0.18487551096246752,,COMPLETE
19,3.3684128206948136,2026-09-30 12:14:00.270633,2026-09-30 12:14:00.292384,0 days 00:00:00.021751,0.8062878498931574,0.11798206446664913,0.20060114510589,0.7479639832380874,0.7328289173471318,0.662701565024998,0.6621744379993263,0.6611740763220568,0.043998513563730954,0.38249721293199557,0.5735042735042735,0.40706057227796355,0.16644370122630994,,COMPLETE
20,4.749578373229246,2026-09-30 12:14:00.292602,2026-09-30 12:14:00.315684,0 days 00:00:00.023082,0.4006527418426188,0.13158720671301777,0.03874064163641999,0.7719897428739988,0.5228100008539853,0.7376004099413909,0.7374174320017939,0.7371919891222332,0.0485321441843181,0.21471571906354514,0.7367521367521368,0.5224823485693051,0.21426978818283166,,COMPLETE
21,4.0225077012022155,2026-09-30 12:14:00.315928,2026-09-30 12:14:00.338079,0 days 00:00:00.022151,0.6707053049678168,0.05133699538021641,0.1093661303953275,0.5670391533684827,0.6842024115063989,0.7032454380904374,0.7022978090416843,0.7000296131039982,0.02552954292084727,0.3237086584912672,0.6507617985878855,0.4625789669267929,0.18818283166109254,,COMPLETE
22,2.132192603994726,2026-09-30 12:14:00.338300,2026-09-30 12:14:00.360022,0 days 00:00:00.021722,0.715423562786516,0.12311664247576509,0.1316170682638771,0.7555590330061797,0.6898506161841467,0.690777955548454,0.6901190847692542,0.6886821155303889,0.045336306205871424,0.32950575994054254,0.625157933853586,0.44392419175027875,0.1812337421033073,,COMPLETE
23,5.912215802369803,2026-09-30 12:14:00.360234,2026-09-30 12:14:00.381799,0 days 00:00:00.021565,0.5410201639409773,0.03116527738684817,0.06634995032133306,0.4402700390286597,0.6283309185197365,0.7257200538643267,0.725295211296579,0.7244266236756636,0.019732441471571906,0.2750278706800446,0.7052396878483835,0.5005202526941658,0.20471943515421773,,COMPLETE
24,0.7597530331424347,2026-09-30 12:14:00.382005,2026-09-30 12:14:00.403595,0 days 00:00:00.021590,0.6963247752966556,0.10109535783251068,0.1214519857245322,0.7196181187182323,0.6844982395114144,0.6963172246878703,0.6956769043286731,0.6941969979105587,0.03950204384986994,0.32393162393162395,0.6365663322185062,0.4520252694165737,0.18454106280193236,,COMPLETE
25,7.869224146750622,2026-09-30 12:14:00.403795,2026-09-30 12:14:00.425268,0 days 00:00:00.021473,0.7477134732113777,0.19415122879901447,0.15159385174426987,0.8304291719344314,0.6909911730615742,0.679780570080909,0.679307319804748,0.6783830919033791,0.06518023039762169,0.33073206986250464,0.6040876997398736,0.4286882199925678,0.17539947974730583,,COMPLETE
26,14.3194832151343,2026-09-30 12:14:00.425474,2026-09-30 12:14:00.447000,0 days 00:00:00.021526,0.9475147232725604,0.23744512312552313,0.521162559738134,0.8570341961003229,0.8029521001084591,0.5221210870021538,0.5206303567411531,0.5171854518284,0.07722036417688591,0.518580453363062,0.40419918246005204,0.2872909698996655,0.11690821256038646,,COMPLETE
27,4.3985936869898214,2026-09-30 12:14:00.447203,2026-09-30 12:14:00.469592,0 days 00:00:00.022389,0.5841868092835836,0.14806499230527786,0.07808721838745503,0.7905348192731699,0.6225560272503279,0.714350898003779,0.7135618708685161,0.711741738844355,0.052805648457822374,0.2708286882199925,0.6763656633221851,0.48056484578223707,0.195800817539948,,COMPLETE
28,1.7681757651507952,2026-09-30 12:14:00.469868,2026-09-30 12:14:00.492333,0 days 00:00:00.022465,0.7516282263082777,0.10039202556322388,0.1542963580742942,0.7181233176910574,0.7094587964735352,0.6823344343621656,0.6818621603702497,0.6809437630275529,0.03927907840951319,0.3517651430694909,0.6089557785209958,0.4321441843180974,0.17681159420289855,,COMPLETE
29,7.996898220211707,2026-09-30 12:14:00.492538,2026-09-30 12:14:00.514866,0 days 00:00:00.022328,0.910871710428846,0.14893065300901892,0.38124111024565566,0.7915346132699767,0.7849547175160586,0.5895589748499451,0.5892660827419638,0.5889145790132064,0.05306577480490524,0.47521367521367514,0.47172054998141955,0.3345224823485693,0.13719806763285025,,COMPLETE
30,4.634290469791738,2026-09-30 12:14:00.515128,2026-09-30 12:14:00.537351,0 days 00:00:00.022223,0.853270283976338,0.09406232035719359,0.2595853502782487,0.705881353276365,0.758832536273798,0.6408624787597516,0.6402969889354229,0.6391943036862578,0.03768115942028986,0.42370865849126715,0.538610182088443,0.38231140839836486,0.15629877369007802,,COMPLETE
31,2.215203502633293,2026-09-30 12:14:00.537560,2026-09-30 12:14:00.559887,0 days 00:00:00.022327,0.6965691331405066,0.07408950540779509,0.12157537113283046,0.6539164765781678,0.6900273189892571,0.6971624366120828,0.696457232105017,0.6948044319548285,0.03206986250464512,0.3297287253808993,0.6382014121144556,0.453288740245262,0.18491267186919363,,COMPLETE
32,1.0840937617492121,2026-09-30 12:14:00.560092,2026-09-30 12:14:00.581934,0 days 00:00:00.021842,0.7021737718865713,0.09072333048569624,0.12445109030810808,0.6985287586261946,0.6891106226193422,0.6953397934877026,0.6946756519288035,0.693147647565453,0.036789297658862886,0.32872538089929393,0.6344853214418432,0.4505759940542549,0.18390932738758828,,COMPLETE
33,24.60891671561725,2026-09-30 12:14:00.582136,2026-09-30 12:14:00.603932,0 days 00:00:00.021796,0.517290638460041,0.3977696340999869,0.06068702539993198,0.9087316300731884,0.5194836360032564,0.709498280284756,0.7091869205595209,0.7085953574415439,0.12114455592716462,0.21274619100706058,0.6661092530657748,0.4725380899293943,0.1935711631363805,,COMPLETE
34,2.4133219462004916,2026-09-30 12:14:00.604130,2026-09-30 12:14:00.625684,0 days 00:00:00.021554,0.7336796278365383,0.12418786177041291,0.1424319149869825,0.7585275018015946,0.6968331863377091,0.686659334880476,0.686033425883434,0.6846898318311293,0.04589371980676329,0.33708658491267185,0.6170196952805649,0.43808992939427727,0.17892976588628762,,COMPLETE
35,4.488739298641478,2026-09-30 12:14:00.625883,2026-09-30 12:14:00.648436,0 days 00:00:00.022553,0.7325290331482632,0.049357646049660996,0.1417151479606671,0.5564772234583529,0.710194517113442,0.6895064711485672,0.6887693797825843,0.687130270225176,0.02489780750650316,0.35265700483091783,0.622445187662579,0.4421033073206986,0.18034188034188034,,COMPLETE
36,4.695400964499588,2026-09-30 12:14:00.648658,2026-09-30 12:14:00.671507,0 days 00:00:00.022849,0.8459921710029868,0.083167374376276,0.24878510187414793,0.6753671814679515,0.7571932898913732,0.6452116874112541,0.6445187125484242,0.643104982210747,0.03415087328130807,0.4208472686733556,0.5450018580453362,0.38699368264585654,0.15800817539947976,,COMPLETE
37,3.994749266576165,2026-09-30 12:14:00.671748,2026-09-30 12:14:00.695140,0 days 00:00:00.023392,0.6886871486118773,0.14590488157562903,0.11767641999247369,0.7884910454837258,0.6724784205068208,0.6958678082596567,0.6952444064429926,0.693781465010382,0.05228539576365663,0.31204013377926426,0.6356744704570791,0.4513563730955036,0.18431809736157562,,COMPLETE
38,7.587224080740242,2026-09-30 12:14:00.695373,2026-09-30 12:14:00.717516,0 days 00:00:00.022143,0.7242056624672264,0.01158869590347715,0.13667457559370222,0.21134434928359375,0.7127390734726674,0.6933695665513235,0.6925919223196005,0.6908038953242901,0.014009661835748793,0.35581568190263846,0.6301746562616126,0.44767744332961723,0.18249721293199556,,COMPLETE
39,2.5896353581414404,2026-09-30 12:14:00.717715,2026-09-30 12:14:00.740153,0 days 00:00:00.022438,0.7797667316543304,0.11234077828270939,0.1759108432195614,0.740287238692845,0.7206117476924863,0.6729448398976798,0.6724987177090512,0.6716766259274131,0.042660720921590484,0.36577480490523967,0.5915644741731698,0.4197696023782981,0.1717948717948718,,COMPLETE
40,3.903565971594091,2026-09-30 12:14:00.740364,2026-09-30 12:14:00.762378,0 days 00:00:00.022014,0.6721355715491147,0.145067174249929,0.1099992185436326,0.7873356993070681,0.6656169419177624,0.6990355454498005,0.6984193302387967,0.6969506852098768,0.051988108509847655,0.3056484578223709,0.6423634336677815,0.45611296915644745,0.18625046451133406,,COMPLETE
41,2.14836445789365,2026-09-30 12:14:00.762578,2026-09-30 12:14:00.784432,0 days 00:00:00.021854,0.5305744041316877,0.10481017837676954,0.06379506538641622,0.7271032080133392,0.6055714529023064,0.723754446354038,0.7233424071393878,0.7225648579254403,0.04061687105165365,0.25912300260126353,0.7002601263470829,0.49695280564845784,0.20330732069862503,,COMPLETE
42,1.3313030470600429,2026-09-30 12:14:00.784632,2026-09-30 12:14:00.806417,0 days 00:00:00.021785,0.6510661585532357,0.08487790237441421,0.10111650885658152,0.6810219507770617,0.6687115083951803,0.7060461431645306,0.7050010350306468,0.7025092648316362,0.03470828688219992,0.30854700854700856,0.6567447045707915,0.46700111482720186,0.18974358974358974,,COMPLETE
43,17.39555040897788,2026-09-30 12:14:00.806614,2026-09-30 12:14:00.829164,0 days 00:00:00.022550,0.08105742287293194,0.3016378077372531,0.005289780238593833,0.8830536315443875,0.30475930610031526,0.7533909582675549,0.7526447105788423,0.7510479211929817,0.09442586399108138,0.16086956521739132,0.7447045707915274,0.5285024154589373,0.21620215533259007,,COMPLETE
44,22.774623572895262,2026-09-30 12:14:00.829393,2026-09-30 12:14:00.852073,0 days 00:00:00.022680,0.9608658003486524,0.3546942565988455,0.5968191822583792,0.8989080304427626,0.8039125530351907,0.47714392249595294,0.47563742718124435,0.47224302405242813,0.10940170940170939,0.5210702341137123,0.3695280564845782,0.2626161278335192,0.10691192865105907,,COMPLETE
45,3.416894986206305,2026-09-30 12:14:00.852356,2026-09-30 12:14:00.874284,0 days 00:00:00.021928,0.6634228163353293,0.05762936580920138,0.10621272056321795,0.5986631397443204,0.6794113924659646,0.7045920432378496,0.7035767353510702,0.7011616528900251,0.02753623188405797,0.3188777406168711,0.6535860274990709,0.46469713861018214,0.18888888888888888,,COMPLETE
46,0.9645473724794896,2026-09-30 12:14:00.874504,2026-09-30 12:14:00.896184,0 days 00:00:00.021680,0.687290956604716,0.090021977348767,0.11700277433539408,0.6971691532687373,0.6831904082457826,0.6984974204209309,0.6976866365254979,0.6957685629607007,0.03660349312523226,0.3225938312894835,0.6408026755852843,0.45529542920847266,0.1855072463768116,,COMPLETE
47,1.0772232926714385,2026-09-30 12:14:00.896386,2026-09-30 12:14:00.917928,0 days 00:00:00.021542,0.610155791280082,0.09227855077456201,0.08622361248224253,0.7013681443869302,0.6474969093334092,0.7128797476011213,0.7120474953484403,0.7100941162786876,0.037123745819397994,0.2900408769973987,0.6728353771832032,0.4781122259383128,0.19472315124489037,,COMPLETE
48,11.186133580831914,2026-09-30 12:14:00.918124,2026-09-30 12:14:00.939826,0 days 00:00:00.021702,0.5913301277469634,0.23435727378889962,0.08023619609757593,0.8550979925525091,0.6086320076279539,0.7084224865773081,0.7076237925462169,0.7057352024048149,0.07617985878855442,0.2612040133779264,0.6626161278335191,0.47079152731326646,0.19182460052025269,,COMPLETE
49,1.4759756788226688,2026-09-30 12:14:00.940015,2026-09-30 12:14:00.962322,0 days 00:00:00.022307,0.575579270072173,0.09567152569802052,0.07558122809667434,0.7097355195117067,0.6293643633775264,0.7182882760140066,0.7176116101779935,0.7161287505453344,0.03816425120772946,0.2757710888145671,0.6860646599777034,0.4872909698996656,0.19877369007803788,,COMPLETE
50,1.9950739190105466,2026-09-30 12:14:00.962527,2026-09-30 12:14:00.985407,0 days 00:00:00.022880,0.5618713576611761,0.11065814836594347,0.07176762768583123,0.7382794026362799,0.6189962972429672,0.7196752399710173,0.7189820605554919,0.7174570031911637,0.04232627276105537,0.26826458565589,0.6894091415830547,0.4897064288368636,0.19970271274619097,,COMPLETE
51,1.9744660912686853,2026-09-30 12:14:00.985656,2026-09-30 12:14:01.008325,0 days 00:00:00.022669,0.6136608108966226,0.07741725285949791,0.08739362541882556,0.6621815071186316,0.6518765210633194,0.713210777232842,0.7123039554708739,0.7101973820437514,0.03288740245261985,0.2936826458565589,0.6734299516908212,0.4786696395392047,0.1947603121516165,,COMPLETE
52,1.569132651712691,2026-09-30 12:14:01.008552,2026-09-30 12:14:01.030946,0 days 00:00:00.022394,0.6548578645847238,0.08140720559080397,0.10264758453834466,0.6723361222287838,0.6713786729746987,0.7053010003246569,0.7042704165186768,0.7018003769096777,0.03385358602749907,0.3110367892976589,0.6551096246748422,0.4658119658119658,0.18929765886287625,,COMPLETE
53,0.8492581592036561,2026-09-30 12:14:01.031152,2026-09-30 12:14:01.053203,0 days 00:00:00.022051,0.6467263749375464,0.09035568970653807,0.09939825792287771,0.6971691532687373,0.6651144006585608,0.7066310601982551,0.7056342855310458,0.7032732702174113,0.03660349312523226,0.3052396878483835,0.6581568190263842,0.4679301374953548,0.19022668153102934,,COMPLETE
54,3.5780998169627924,2026-09-30 12:14:01.053410,2026-09-30 12:14:01.076143,0 days 00:00:00.022733,0.6947941103498431,0.14005491447624532,0.12068281001261827,0.7823796442629127,0.676103772947287,0.6948903067584751,0.6942628784667405,0.6927966877199586,0.050836120401337795,0.3155332590115199,0.6336306205871424,0.4499070977331847,0.18372352285395765,,COMPLETE
55,7.079044138456762,2026-09-30 12:14:01.076373,2026-09-30 12:14:01.098668,0 days 00:00:00.022295,0.37992527026651574,0.022606177870347632,0.03562356431225,0.3657252705095117,0.5525406798080212,0.7459786341118345,0.7454958517182744,0.7445173802635603,0.01742846525455221,0.23805276848755108,0.7445187662578967,0.5279821627647714,0.21653660349312523,,COMPLETE
56,0.558666179094696,2026-09-30 12:14:01.098953,2026-09-30 12:14:01.121247,0 days 00:00:00.022294,0.6524251087871726,0.09475495850484086,0.1016620052334486,0.7076834836794769,0.6672188582264547,0.7051590263584723,0.7041869441228152,0.7018465780583153,0.03790412486064661,0.30717205499814193,0.6549238201412114,0.4655890003716091,0.18933481976960237,,COMPLETE
57,25.24598523393228,2026-09-30 12:14:01.121464,2026-09-30 12:14:01.144262,0 days 00:00:00.022798,0.06449107553153649,0.39810151248977144,0.004138920424441084,0.9087586681876061,0.20228439020637096,0.7465652626597927,0.7460578842315368,0.7449715296524784,0.12118171683389074,0.13411371237458194,0.7447045707915274,0.5280564845782237,0.21664808621330361,,COMPLETE
58,3.3389678876095266,2026-09-30 12:14:01.144456,2026-09-30 12:14:01.167503,0 days 00:00:00.023047,0.5337780628930322,0.06514573656274969,0.06456793563694929,0.6255193672815473,0.6174761866419992,0.7250049748315931,0.7245263425646933,0.7235614608524404,0.029542920847268672,0.2671869193608324,0.7032701597918989,0.49921962095875144,0.2040505388331475,,COMPLETE
