number,value,datetime_start,datetime_complete,duration,params_close_to_L23,params_home_lowrisk,user_attrs_L23_highrisk,user_attrs_anc_among_home,user_attrs_anc_among_l23,user_attrs_anc_among_l4,user_attrs_anc_among_l45,user_attrs_anc_among_l5,user_attrs_home_all,user_attrs_l23_all,user_attrs_l45_all,user_attrs_l4_all,user_attrs_l5_all,system_attrs_fixed_params,state
0,1.1542698178584754,2026-09-30 12:13:56.197294,2026-09-30 12:13:56.215072,0 days 00:00:00.017778,0.350082,0.215889,0.031453454102399414,0.6919678083381903,0.32390507961263937,0.9528043649595865,0.9524688602141215,0.9508004403643939,0.09014752370916754,0.29488935721812437,0.6149631190727082,0.4915700737618546,0.12339304531085353,"{'home_lowrisk': 0.215889, 'close_to_L23': 0.350082}",COMPLETE
1,17.31208652092467,2026-09-30 12:13:56.215353,2026-09-30 12:13:56.233453,0 days 00:00:00.018100,0.934164304961222,0.149816047538945,0.4610493854238472,0.6091247408934499,0.689420945251016,0.8985318310621022,0.897881571765056,0.8948810798258389,0.07118018967334036,0.641886195995785,0.2869336143308746,0.22929399367755526,0.05763962065331929,,COMPLETE
2,5.314019345617762,2026-09-30 12:13:56.233671,2026-09-30 12:13:56.250631,0 days 00:00:00.016960,0.606752390303244,0.292797576724562,0.08510467992540538,0.754741863768025,0.4513710912723335,0.9445046258768558,0.9441416653831679,0.942182720216247,0.11301369863013697,0.36348788198103266,0.5234984193888303,0.41849315068493154,0.10500526870389884,,COMPLETE
3,5.767102980879176,2026-09-30 12:13:56.250831,2026-09-30 12:13:56.267692,0 days 00:00:00.016861,0.19507490391266846,0.06240745617697461,0.01440067872525852,0.4030814228803942,0.22596848954781987,0.9583816830717039,0.9579891250101978,0.956096608015731,0.0464172813487882,0.2576923076923077,0.6958904109589041,0.5575342465753425,0.13835616438356163,,COMPLETE
4,14.988618853821945,2026-09-30 12:13:56.267890,2026-09-30 12:13:56.284552,0 days 00:00:00.016662,0.8555438155706897,0.023233444867279785,0.2631135970715801,0.20392308098155718,0.6449620967804601,0.9278948589518974,0.9274669805465097,0.925266403428674,0.03472075869336143,0.5616965226554268,0.4035827186512118,0.32255005268703896,0.08103266596417281,,COMPLETE
5,6.735016770006717,2026-09-30 12:13:56.284751,2026-09-30 12:13:56.301489,0 days 00:00:00.016738,0.7085074973503223,0.24044600469728353,0.12780999016830286,0.7150898737887151,0.5169392519675325,0.9407011099656065,0.9402596990763789,0.9377138380693086,0.0976290832455216,0.4128556375131717,0.48951527924130656,0.391886195995785,0.0976290832455216,,COMPLETE
6,22.024845054376524,2026-09-30 12:13:56.301678,2026-09-30 12:13:56.318207,0 days 00:00:00.016529,0.9520161625106547,0.008233797718320978,0.5446578857664373,0.0868586889312915,0.7242484746457454,0.8823769396672285,0.8811130154247186,0.8752090196879256,0.03024236037934668,0.723076923076923,0.24668071654373022,0.19794520547945205,0.04873551106427819,,COMPLETE
7,4.277244155799687,2026-09-30 12:13:56.318397,2026-09-30 12:13:56.335258,0 days 00:00:00.016861,0.2474753729307968,0.3329770563201687,0.019441133101944397,0.7769479560222443,0.22629037441238498,0.9530295878157903,0.9526968058325119,0.9510463058304713,0.12418335089567967,0.25774499473129614,0.6180716543730242,0.4940990516332982,0.12397260273972603,,COMPLETE
8,5.32445880427018,2026-09-30 12:13:56.335447,2026-09-30 12:13:56.352141,0 days 00:00:00.016694,0.22056619416369344,0.07272998688284026,0.016774495939525624,0.43981477494992377,0.2485389814467604,0.9577215427583351,0.9573127707311693,0.9553673026430826,0.04952581664910432,0.26543730242360375,0.6850368809272919,0.5489989462592202,0.13603793466807163,,COMPLETE
9,5.588743966088915,2026-09-30 12:13:56.352329,2026-09-30 12:13:56.369088,0 days 00:00:00.016759,0.5380234814179812,0.1216968971838151,0.06560662704364106,0.5581344649390403,0.45682825428647966,0.9490144616662539,0.948703385840911,0.9470641835572163,0.0631190727081138,0.36701791359325614,0.56986301369863,0.4552160168598524,0.11464699683877763,,COMPLETE
10,1.5651750506375652,2026-09-30 12:13:56.369276,2026-09-30 12:13:56.390878,0 days 00:00:00.021602,0.37890001712945653,0.22420320562119606,0.03547427710510298,0.700252169625553,0.3420833086665701,0.9519384490702475,0.9516122987465865,0.9499466698884416,0.09272918861959958,0.30305584826132775,0.6042149631190726,0.48298208640674395,0.12123287671232877,,COMPLETE
11,0.19657623752438486,2026-09-30 12:13:56.391088,2026-09-30 12:13:56.408883,0 days 00:00:00.017795,0.2616847889152829,0.22338643006946077,0.020921405205115207,0.69866349349266,0.2554732207924135,0.9546101249100187,0.9543059942371024,0.9527712105984264,0.0922550052687039,0.26780821917808223,0.6399367755532139,0.5113277133825079,0.128609062170706,,COMPLETE
